<?xml version="1.0" encoding="UTF-8"?>
<testng-results skipped="0" failed="0" ignored="0" total="1" passed="1">
  <reporter-output>
  </reporter-output>
  <suite name="Default suite" duration-ms="27939" started-at="2019-10-06T06:15:45Z" finished-at="2019-10-06T06:16:13Z">
    <groups>
    </groups>
    <test name="Default test" duration-ms="27939" started-at="2019-10-06T06:15:45Z" finished-at="2019-10-06T06:16:13Z">
      <class name="com.demokart.tests.LandPageTest">
        <test-method status="PASS" signature="openApp()[pri:0, instance:com.demokart.tests.LandPageTest@4cf777e8]" name="openApp" is-config="true" duration-ms="23753" started-at="2019-10-06T11:45:45Z" finished-at="2019-10-06T11:46:08Z">
          <reporter-output>
          </reporter-output>
        </test-method> <!-- openApp -->
        <test-method status="PASS" signature="getLandPageTitle()[pri:0, instance:com.demokart.tests.LandPageTest@4cf777e8]" name="getLandPageTitle" duration-ms="39" started-at="2019-10-06T11:46:08Z" finished-at="2019-10-06T11:46:08Z">
          <reporter-output>
          </reporter-output>
        </test-method> <!-- getLandPageTitle -->
        <test-method status="PASS" signature="tearDown()[pri:0, instance:com.demokart.tests.LandPageTest@4cf777e8]" name="tearDown" is-config="true" duration-ms="4114" started-at="2019-10-06T11:46:08Z" finished-at="2019-10-06T11:46:13Z">
          <reporter-output>
          </reporter-output>
        </test-method> <!-- tearDown -->
      </class> <!-- com.demokart.tests.LandPageTest -->
    </test> <!-- Default test -->
  </suite> <!-- Default suite -->
</testng-results>
